2025-08-31T09:08:29.853377+00:00 INFO 'ansible_navigator.setup_logger' New ansible-navigator instance, logging initialized
2025-08-31T09:08:29.853762+00:00 INFO 'ansible_navigator.setup_logger' New ansible-runner instance, logging initialized
2025-08-31T09:08:29.853847+00:00 DEBUG 'ansible_navigator.main' Babel==2.9.1 
2025-08-31T09:08:29.853910+00:00 DEBUG 'ansible_navigator.main' ConfigArgParse==1.7.1 
2025-08-31T09:08:29.853971+00:00 DEBUG 'ansible_navigator.main' Jinja2==2.11.3 
2025-08-31T09:08:29.854028+00:00 DEBUG 'ansible_navigator.main' MarkupSafe==1.1.1 
2025-08-31T09:08:29.854086+00:00 DEBUG 'ansible_navigator.main' Parsley==1.3 
2025-08-31T09:08:29.854142+00:00 DEBUG 'ansible_navigator.main' PySocks==1.7.1 
2025-08-31T09:08:29.854199+00:00 DEBUG 'ansible_navigator.main' PyYAML==5.4.1 
2025-08-31T09:08:29.854256+00:00 DEBUG 'ansible_navigator.main' Pygments==2.19.1 
2025-08-31T09:08:29.854331+00:00 DEBUG 'ansible_navigator.main' acme==3.1.0 /usr/lib/python3.9/site-packages/acme/__init__.py
2025-08-31T09:08:29.854408+00:00 DEBUG 'ansible_navigator.main' ansible-builder==3.1.0 
2025-08-31T09:08:29.854460+00:00 DEBUG 'ansible_navigator.main' ansible-compat==24.10.0 
2025-08-31T09:08:29.854502+00:00 DEBUG 'ansible_navigator.main' ansible-core==2.14.17 
2025-08-31T09:08:29.854542+00:00 DEBUG 'ansible_navigator.main' ansible-lint==6.22.2 
2025-08-31T09:08:29.854581+00:00 DEBUG 'ansible_navigator.main' ansible-navigator==24.2.0 
2025-08-31T09:08:29.854620+00:00 DEBUG 'ansible_navigator.main' ansible-runner==2.4.0 
2025-08-31T09:08:29.854661+00:00 DEBUG 'ansible_navigator.main' attrs==24.3.0 /usr/local/lib/python3.9/site-packages/attrs/__init__.py
2025-08-31T09:08:29.854701+00:00 DEBUG 'ansible_navigator.main' awxkit==24.6.1 /usr/local/lib/python3.9/site-packages/awxkit/__init__.py
2025-08-31T09:08:29.854740+00:00 DEBUG 'ansible_navigator.main' bindep==2.11.0 /usr/local/lib/python3.9/site-packages/bindep/__init__.py
2025-08-31T09:08:29.854781+00:00 DEBUG 'ansible_navigator.main' black==24.10.0 /usr/local/lib64/python3.9/site-packages/black/__init__.cpython-39-x86_64-linux-gnu.so
2025-08-31T09:08:29.854820+00:00 DEBUG 'ansible_navigator.main' bracex==2.5.post1 /usr/local/lib/python3.9/site-packages/bracex/__init__.py
2025-08-31T09:08:29.854861+00:00 DEBUG 'ansible_navigator.main' certbot==3.1.0 /usr/lib/python3.9/site-packages/certbot/__init__.py
2025-08-31T09:08:29.854900+00:00 DEBUG 'ansible_navigator.main' cffi==1.14.5 /usr/lib64/python3.9/site-packages/cffi/__init__.py
2025-08-31T09:08:29.854938+00:00 DEBUG 'ansible_navigator.main' chardet==4.0.0 /usr/lib/python3.9/site-packages/chardet/__init__.py
2025-08-31T09:08:29.854977+00:00 DEBUG 'ansible_navigator.main' click==8.1.8 /usr/local/lib/python3.9/site-packages/click/__init__.py
2025-08-31T09:08:29.855016+00:00 DEBUG 'ansible_navigator.main' cloud-init==22.1 
2025-08-31T09:08:29.855055+00:00 DEBUG 'ansible_navigator.main' cryptography==36.0.1 /usr/lib64/python3.9/site-packages/cryptography/__init__.py
2025-08-31T09:08:29.855094+00:00 DEBUG 'ansible_navigator.main' dbus-python==1.2.18 
2025-08-31T09:08:29.855132+00:00 DEBUG 'ansible_navigator.main' decorator==4.4.2 /usr/lib/python3.9/site-packages/decorator.py
2025-08-31T09:08:29.855171+00:00 DEBUG 'ansible_navigator.main' distro==1.9.0 /usr/local/lib/python3.9/site-packages/distro/__init__.py
2025-08-31T09:08:29.855210+00:00 DEBUG 'ansible_navigator.main' ethtool==0.15 /usr/lib64/python3.9/site-packages/ethtool.cpython-39-x86_64-linux-gnu.so
2025-08-31T09:08:29.855249+00:00 DEBUG 'ansible_navigator.main' file-magic==0.4.0 
2025-08-31T09:08:29.855289+00:00 DEBUG 'ansible_navigator.main' filelock==3.16.1 /usr/local/lib/python3.9/site-packages/filelock/__init__.py
2025-08-31T09:08:29.855368+00:00 DEBUG 'ansible_navigator.main' idna==2.10 /usr/lib/python3.9/site-packages/idna/__init__.py
2025-08-31T09:08:29.855415+00:00 DEBUG 'ansible_navigator.main' importlib-metadata==6.2.1 
2025-08-31T09:08:29.855455+00:00 DEBUG 'ansible_navigator.main' iniparse==0.4 /usr/lib/python3.9/site-packages/iniparse/__init__.py
2025-08-31T09:08:29.855495+00:00 DEBUG 'ansible_navigator.main' jsonpatch==1.21 /usr/lib/python3.9/site-packages/jsonpatch.py
2025-08-31T09:08:29.855544+00:00 DEBUG 'ansible_navigator.main' jsonpointer==2.0 /usr/lib/python3.9/site-packages/jsonpointer.py
2025-08-31T09:08:29.855587+00:00 DEBUG 'ansible_navigator.main' jsonschema-specifications==2024.10.1 
2025-08-31T09:08:29.855627+00:00 DEBUG 'ansible_navigator.main' jsonschema==4.23.0 /usr/local/lib/python3.9/site-packages/jsonschema/__init__.py
2025-08-31T09:08:29.855666+00:00 DEBUG 'ansible_navigator.main' lockfile==0.12.2 /usr/local/lib/python3.9/site-packages/lockfile/__init__.py
2025-08-31T09:08:29.855705+00:00 DEBUG 'ansible_navigator.main' markdown-it-py==3.0.0 
2025-08-31T09:08:29.855744+00:00 DEBUG 'ansible_navigator.main' mdurl==0.1.2 /usr/local/lib/python3.9/site-packages/mdurl/__init__.py
2025-08-31T09:08:29.855783+00:00 DEBUG 'ansible_navigator.main' mypy-extensions==1.0.0 
2025-08-31T09:08:29.855822+00:00 DEBUG 'ansible_navigator.main' netifaces==0.10.6 /usr/lib64/python3.9/site-packages/netifaces.cpython-39-x86_64-linux-gnu.so
2025-08-31T09:08:29.855862+00:00 DEBUG 'ansible_navigator.main' oauthlib==3.1.1 /usr/lib/python3.9/site-packages/oauthlib/__init__.py
2025-08-31T09:08:29.855901+00:00 DEBUG 'ansible_navigator.main' onigurumacffi==1.4.1 /usr/local/lib64/python3.9/site-packages/onigurumacffi.py
2025-08-31T09:08:29.855939+00:00 DEBUG 'ansible_navigator.main' packaging==24.2 /usr/local/lib/python3.9/site-packages/packaging/__init__.py
2025-08-31T09:08:29.855978+00:00 DEBUG 'ansible_navigator.main' parsedatetime==2.6 /usr/lib/python3.9/site-packages/parsedatetime/__init__.py
2025-08-31T09:08:29.856016+00:00 DEBUG 'ansible_navigator.main' pathspec==0.12.1 /usr/local/lib/python3.9/site-packages/pathspec/__init__.py
2025-08-31T09:08:29.856055+00:00 DEBUG 'ansible_navigator.main' pbr==6.1.0 /usr/local/lib/python3.9/site-packages/pbr/__init__.py
2025-08-31T09:08:29.856093+00:00 DEBUG 'ansible_navigator.main' perf==0.1 /usr/lib64/python3.9/site-packages/perf.cpython-39-x86_64-linux-gnu.so
2025-08-31T09:08:29.856132+00:00 DEBUG 'ansible_navigator.main' pexpect==4.9.0 /usr/local/lib/python3.9/site-packages/pexpect/__init__.py
2025-08-31T09:08:29.856170+00:00 DEBUG 'ansible_navigator.main' pip==21.3.1 /usr/lib/python3.9/site-packages/pip/__init__.py
2025-08-31T09:08:29.856209+00:00 DEBUG 'ansible_navigator.main' platformdirs==4.3.6 /usr/local/lib/python3.9/site-packages/platformdirs/__init__.py
2025-08-31T09:08:29.856248+00:00 DEBUG 'ansible_navigator.main' ply==3.11 /usr/lib/python3.9/site-packages/ply/__init__.py
2025-08-31T09:08:29.856287+00:00 DEBUG 'ansible_navigator.main' prettytable==0.7.2 /usr/lib/python3.9/site-packages/prettytable.py
2025-08-31T09:08:29.856362+00:00 DEBUG 'ansible_navigator.main' psycopg2==2.8.6 /usr/lib64/python3.9/site-packages/psycopg2/__init__.py
2025-08-31T09:08:29.856410+00:00 DEBUG 'ansible_navigator.main' ptyprocess==0.7.0 /usr/local/lib/python3.9/site-packages/ptyprocess/__init__.py
2025-08-31T09:08:29.856467+00:00 DEBUG 'ansible_navigator.main' pyOpenSSL==21.0.0 
2025-08-31T09:08:29.856515+00:00 DEBUG 'ansible_navigator.main' pyRFC3339==1.1 
2025-08-31T09:08:29.856555+00:00 DEBUG 'ansible_navigator.main' pycparser==2.20 /usr/lib/python3.9/site-packages/pycparser/__init__.py
2025-08-31T09:08:29.856596+00:00 DEBUG 'ansible_navigator.main' pyinotify==0.9.6 /usr/lib/python3.9/site-packages/pyinotify.py
2025-08-31T09:08:29.856637+00:00 DEBUG 'ansible_navigator.main' pyparsing==2.4.7 /usr/lib/python3.9/site-packages/pyparsing.py
2025-08-31T09:08:29.856675+00:00 DEBUG 'ansible_navigator.main' pyserial==3.4 
2025-08-31T09:08:29.856714+00:00 DEBUG 'ansible_navigator.main' python-daemon==3.1.2 
2025-08-31T09:08:29.856753+00:00 DEBUG 'ansible_navigator.main' python-dateutil==2.8.1 
2025-08-31T09:08:29.856793+00:00 DEBUG 'ansible_navigator.main' python-linux-procfs==0.7.0 
2025-08-31T09:08:29.856853+00:00 DEBUG 'ansible_navigator.main' pytz==2021.1 /usr/lib/python3.9/site-packages/pytz/__init__.py
2025-08-31T09:08:29.856894+00:00 DEBUG 'ansible_navigator.main' pyudev==0.22.0 /usr/lib/python3.9/site-packages/pyudev/__init__.py
2025-08-31T09:08:29.856941+00:00 DEBUG 'ansible_navigator.main' referencing==0.35.1 /usr/local/lib/python3.9/site-packages/referencing/__init__.py
2025-08-31T09:08:29.856983+00:00 DEBUG 'ansible_navigator.main' requests==2.14.2 /usr/local/lib/python3.9/site-packages/requests/__init__.py
2025-08-31T09:08:29.857022+00:00 DEBUG 'ansible_navigator.main' resolvelib==0.5.4 /usr/lib/python3.9/site-packages/resolvelib/__init__.py
2025-08-31T09:08:29.857062+00:00 DEBUG 'ansible_navigator.main' rich==13.9.4 /usr/local/lib/python3.9/site-packages/rich/__init__.py
2025-08-31T09:08:29.857102+00:00 DEBUG 'ansible_navigator.main' rpds-py==0.22.3 
2025-08-31T09:08:29.857141+00:00 DEBUG 'ansible_navigator.main' ruamel.yaml.clib==0.2.12 
2025-08-31T09:08:29.857180+00:00 DEBUG 'ansible_navigator.main' ruamel.yaml==0.18.10 /usr/local/lib/python3.9/site-packages/ruamel/yaml/__init__.py
2025-08-31T09:08:29.857221+00:00 DEBUG 'ansible_navigator.main' selinux==3.5 /usr/lib64/python3.9/site-packages/selinux/__init__.py
2025-08-31T09:08:29.857261+00:00 DEBUG 'ansible_navigator.main' sepolicy==3.5 /usr/lib/python3.9/site-packages/sepolicy/__init__.py
2025-08-31T09:08:29.857301+00:00 DEBUG 'ansible_navigator.main' setools==4.4.1 /usr/lib64/python3.9/site-packages/setools/__init__.py
2025-08-31T09:08:29.857370+00:00 DEBUG 'ansible_navigator.main' setuptools==53.0.0 /usr/lib/python3.9/site-packages/setuptools/__init__.py
2025-08-31T09:08:29.857413+00:00 DEBUG 'ansible_navigator.main' six==1.15.0 /usr/lib/python3.9/site-packages/six.py
2025-08-31T09:08:29.857452+00:00 DEBUG 'ansible_navigator.main' subprocess-tee==0.4.2 
2025-08-31T09:08:29.857491+00:00 DEBUG 'ansible_navigator.main' subscription-manager==1.29.33.2 
2025-08-31T09:08:29.857531+00:00 DEBUG 'ansible_navigator.main' tomli==2.2.1 /usr/local/lib/python3.9/site-packages/tomli/__init__.py
2025-08-31T09:08:29.857570+00:00 DEBUG 'ansible_navigator.main' typing_extensions==4.12.2 /usr/local/lib/python3.9/site-packages/typing_extensions.py
2025-08-31T09:08:29.857609+00:00 DEBUG 'ansible_navigator.main' tzdata==2024.2 /usr/local/lib/python3.9/site-packages/tzdata/__init__.py
2025-08-31T09:08:29.857648+00:00 DEBUG 'ansible_navigator.main' urllib3==1.26.5 /usr/lib/python3.9/site-packages/urllib3/__init__.py
2025-08-31T09:08:29.857687+00:00 DEBUG 'ansible_navigator.main' wcmatch==10.0 /usr/local/lib/python3.9/site-packages/wcmatch/__init__.py
2025-08-31T09:08:29.857726+00:00 DEBUG 'ansible_navigator.main' yamllint==1.35.1 /usr/local/lib/python3.9/site-packages/yamllint/__init__.py
2025-08-31T09:08:29.857765+00:00 DEBUG 'ansible_navigator.main' zipp==3.21.0 /usr/local/lib/python3.9/site-packages/zipp/__init__.py
2025-08-31T09:08:29.857805+00:00 DEBUG 'ansible_navigator.main' Default collection_doc_cache_path set to: /home/student/.cache/ansible-navigator/collection_doc_cache.db
2025-08-31T09:08:29.857845+00:00 DEBUG 'ansible_navigator.main' EDITOR environment variable not set
2025-08-31T09:08:29.857885+00:00 DEBUG 'ansible_navigator.main' Default editor_command set to: vi +{line_number} {filename}
2025-08-31T09:08:29.857924+00:00 DEBUG 'ansible_navigator.main' No config file set by ANSIBLE_NAVIGATOR_CONFIG
2025-08-31T09:08:29.857964+00:00 DEBUG 'ansible_navigator.main' Looking in /home/student
2025-08-31T09:08:29.858002+00:00 DEBUG 'ansible_navigator.main' Looking for '/home/student/.ansible-navigator.yml', '/home/student/.ansible-navigator.yaml' and '/home/student/.ansible-navigator.json'
2025-08-31T09:08:29.858042+00:00 DEBUG 'ansible_navigator.main' Found 1: '/home/student/.ansible-navigator.yml'
2025-08-31T09:08:29.858081+00:00 DEBUG 'ansible_navigator.main' Looking in /home/student/demo
2025-08-31T09:08:29.858121+00:00 DEBUG 'ansible_navigator.main' Looking for '/home/student/demo/ansible-navigator.yml', '/home/student/demo/ansible-navigator.yaml' and '/home/student/demo/ansible-navigator.json'
2025-08-31T09:08:29.858166+00:00 DEBUG 'ansible_navigator.main' Found 0: 
2025-08-31T09:08:29.858207+00:00 DEBUG 'ansible_navigator.main' All found 1: '/home/student/.ansible-navigator.yml'
2025-08-31T09:08:29.858253+00:00 DEBUG 'ansible_navigator.main' Using: /home/student/.ansible-navigator.yml
2025-08-31T09:08:29.858295+00:00 DEBUG 'ansible_navigator.main' Using settings file at /home/student/.ansible-navigator.yml in search path
2025-08-31T09:08:29.858362+00:00 DEBUG 'ansible_navigator.main' Command provided: 'fetch.yaml'
2025-08-31T09:08:29.858405+00:00 DEBUG 'ansible_navigator.main' ansible-navigator.ansible-runner.artifact-dir not found in settings file
2025-08-31T09:08:29.858444+00:00 DEBUG 'ansible_navigator.main' ansible-navigator.ansible-runner.rotate-artifacts-count not found in settings file
2025-08-31T09:08:29.858483+00:00 DEBUG 'ansible_navigator.main' ansible-navigator.ansible-runner.timeout not found in settings file
2025-08-31T09:08:29.858522+00:00 DEBUG 'ansible_navigator.main' ansible-navigator.ansible-runner.job-events not found in settings file
2025-08-31T09:08:29.858561+00:00 DEBUG 'ansible_navigator.main' ansible-navigator.app not found in settings file
2025-08-31T09:08:29.858600+00:00 DEBUG 'ansible_navigator.main' ansible-navigator.ansible.cmdline not found in settings file
2025-08-31T09:08:29.858639+00:00 DEBUG 'ansible_navigator.main' ansible-navigator.collection-doc-cache-path not found in settings file
2025-08-31T09:08:29.858677+00:00 DEBUG 'ansible_navigator.main' ansible-navigator.ansible.config.path not found in settings file
2025-08-31T09:08:29.858716+00:00 DEBUG 'ansible_navigator.main' ansible-navigator.execution-environment.container-options not found in settings file
2025-08-31T09:08:29.858755+00:00 DEBUG 'ansible_navigator.main' ansible-navigator.color.enable not found in settings file
2025-08-31T09:08:29.858793+00:00 DEBUG 'ansible_navigator.main' ansible-navigator.editor.command not found in settings file
2025-08-31T09:08:29.858832+00:00 DEBUG 'ansible_navigator.main' ansible-navigator.editor.console not found in settings file
2025-08-31T09:08:29.858872+00:00 DEBUG 'ansible_navigator.main' ansible-navigator.enable-prompts not found in settings file
2025-08-31T09:08:29.858911+00:00 DEBUG 'ansible_navigator.main' ansible-navigator.exec.command not found in settings file
2025-08-31T09:08:29.858950+00:00 DEBUG 'ansible_navigator.main' ansible-navigator.exec.shell not found in settings file
2025-08-31T09:08:29.858989+00:00 DEBUG 'ansible_navigator.main' ansible-navigator.format not found in settings file
2025-08-31T09:08:29.859027+00:00 DEBUG 'ansible_navigator.main' ansible-navigator.ansible-builder.help not found in settings file
2025-08-31T09:08:29.859066+00:00 DEBUG 'ansible_navigator.main' ansible-navigator.ansible.config.help not found in settings file
2025-08-31T09:08:29.859105+00:00 DEBUG 'ansible_navigator.main' ansible-navigator.ansible.doc.help not found in settings file
2025-08-31T09:08:29.859144+00:00 DEBUG 'ansible_navigator.main' ansible-navigator.ansible.inventory.help not found in settings file
2025-08-31T09:08:29.859182+00:00 DEBUG 'ansible_navigator.main' ansible-navigator.ansible.playbook.help not found in settings file
2025-08-31T09:08:29.859221+00:00 DEBUG 'ansible_navigator.main' ansible-navigator.images.details not found in settings file
2025-08-31T09:08:29.859262+00:00 DEBUG 'ansible_navigator.main' ansible-navigator.inventory-columns not found in settings file
2025-08-31T09:08:29.859302+00:00 DEBUG 'ansible_navigator.main' ansible-navigator.ansible-lint.config not found in settings file
2025-08-31T09:08:29.859386+00:00 DEBUG 'ansible_navigator.main' ansible-navigator.ansible-lint.lintables not found in settings file
2025-08-31T09:08:29.859432+00:00 DEBUG 'ansible_navigator.main' ansible-navigator.logging.append not found in settings file
2025-08-31T09:08:29.859472+00:00 DEBUG 'ansible_navigator.main' ansible-navigator.logging.file not found in settings file
2025-08-31T09:08:29.859512+00:00 DEBUG 'ansible_navigator.main' ansible-navigator.logging.level not found in settings file
2025-08-31T09:08:29.859551+00:00 DEBUG 'ansible_navigator.main' ansible-navigator.mode not found in settings file
2025-08-31T09:08:29.859598+00:00 DEBUG 'ansible_navigator.main' ansible-navigator.color.osc4 not found in settings file
2025-08-31T09:08:29.859640+00:00 DEBUG 'ansible_navigator.main' ansible-navigator.execution-environment.environment-variables.pass not found in settings file
2025-08-31T09:08:29.859680+00:00 DEBUG 'ansible_navigator.main' ansible-navigator.ansible.playbook.path not found in settings file
2025-08-31T09:08:29.859719+00:00 DEBUG 'ansible_navigator.main' ansible-navigator.playbook-artifact.enable not found in settings file
2025-08-31T09:08:29.859759+00:00 DEBUG 'ansible_navigator.main' ansible-navigator.playbook-artifact.replay not found in settings file
2025-08-31T09:08:29.859799+00:00 DEBUG 'ansible_navigator.main' ansible-navigator.playbook-artifact.save-as not found in settings file
2025-08-31T09:08:29.859838+00:00 DEBUG 'ansible_navigator.main' ansible-navigator.ansible.doc.plugin.name not found in settings file
2025-08-31T09:08:29.859877+00:00 DEBUG 'ansible_navigator.main' ansible-navigator.ansible.doc.plugin.type not found in settings file
2025-08-31T09:08:29.859916+00:00 DEBUG 'ansible_navigator.main' ansible-navigator.execution-environment.pull.arguments not found in settings file
2025-08-31T09:08:29.859955+00:00 DEBUG 'ansible_navigator.main' ansible-navigator.execution-environment.environment-variables.set not found in settings file
2025-08-31T09:08:29.859994+00:00 DEBUG 'ansible_navigator.main' ansible-navigator.settings.effective not found in settings file
2025-08-31T09:08:29.860033+00:00 DEBUG 'ansible_navigator.main' ansible-navigator.settings.sample not found in settings file
2025-08-31T09:08:29.860072+00:00 DEBUG 'ansible_navigator.main' ansible-navigator.settings.schema not found in settings file
2025-08-31T09:08:29.860112+00:00 DEBUG 'ansible_navigator.main' ansible-navigator.settings.sources not found in settings file
2025-08-31T09:08:29.860151+00:00 DEBUG 'ansible_navigator.main' ansible-navigator.time-zone not found in settings file
2025-08-31T09:08:29.860189+00:00 DEBUG 'ansible_navigator.main' ansible-navigator.ansible-builder.workdir not found in settings file
2025-08-31T09:08:29.860232+00:00 WARNING 'ansible_navigator.main' Configuration errors encountered, rolling back to previous configuration.
2025-08-31T09:08:29.860274+00:00 DEBUG 'ansible_navigator.main' Prior to rollback: ansible_runner_artifact_dir = 'Not set' (Constants/Not set)
2025-08-31T09:08:29.860336+00:00 DEBUG 'ansible_navigator.main' Prior to rollback: ansible_runner_rotate_artifacts_count = 'Not set' (Constants/Not set)
2025-08-31T09:08:29.860388+00:00 DEBUG 'ansible_navigator.main' Prior to rollback: ansible_runner_timeout = 'Not set' (Constants/Not set)
2025-08-31T09:08:29.860429+00:00 DEBUG 'ansible_navigator.main' Prior to rollback: ansible_runner_write_job_events = 'False' (bool/Defaults)
2025-08-31T09:08:29.860468+00:00 DEBUG 'ansible_navigator.main' Prior to rollback: app = 'welcome' (str/Defaults)
2025-08-31T09:08:29.860509+00:00 DEBUG 'ansible_navigator.main' Prior to rollback: cmdline = '['fetch.yaml']' (list/Command line)
2025-08-31T09:08:29.860548+00:00 DEBUG 'ansible_navigator.main' Prior to rollback: collection_doc_cache_path = '/home/student/.cache/ansible-navigator/collection_doc_cache.db' (str/Defaults)
2025-08-31T09:08:29.860588+00:00 DEBUG 'ansible_navigator.main' Prior to rollback: config = 'Not set' (Constants/Not set)
2025-08-31T09:08:29.860627+00:00 DEBUG 'ansible_navigator.main' Prior to rollback: container_engine = 'podman' (str/Settings file)
2025-08-31T09:08:29.860666+00:00 DEBUG 'ansible_navigator.main' Prior to rollback: container_options = 'Not set' (Constants/Not set)
2025-08-31T09:08:29.860705+00:00 DEBUG 'ansible_navigator.main' Prior to rollback: display_color = 'True' (bool/Defaults)
2025-08-31T09:08:29.860745+00:00 DEBUG 'ansible_navigator.main' Prior to rollback: editor_command = 'vi +{line_number} {filename}' (str/Defaults)
2025-08-31T09:08:29.860785+00:00 DEBUG 'ansible_navigator.main' Prior to rollback: editor_console = 'True' (bool/Defaults)
2025-08-31T09:08:29.860842+00:00 DEBUG 'ansible_navigator.main' Prior to rollback: enable_prompts = 'False' (bool/Defaults)
2025-08-31T09:08:29.860891+00:00 DEBUG 'ansible_navigator.main' Prior to rollback: exec_command = '/bin/bash' (str/Defaults)
2025-08-31T09:08:29.860932+00:00 DEBUG 'ansible_navigator.main' Prior to rollback: exec_shell = 'True' (bool/Defaults)
2025-08-31T09:08:29.860973+00:00 DEBUG 'ansible_navigator.main' Prior to rollback: execution_environment = 'True' (bool/Settings file)
2025-08-31T09:08:29.861012+00:00 DEBUG 'ansible_navigator.main' Prior to rollback: execution_environment_image = 'quay.io/acme_corp/network-ee:latest' (str/Settings file)
2025-08-31T09:08:29.861053+00:00 DEBUG 'ansible_navigator.main' Prior to rollback: execution_environment_volume_mounts = '[{'src': '/etc/ansible/', 'dest': '/etc/ansible/'}]' (list/Settings file)
2025-08-31T09:08:29.861092+00:00 DEBUG 'ansible_navigator.main' Prior to rollback: format = 'yaml' (str/Defaults)
2025-08-31T09:08:29.861131+00:00 DEBUG 'ansible_navigator.main' Prior to rollback: help_builder = 'False' (bool/Defaults)
2025-08-31T09:08:29.861171+00:00 DEBUG 'ansible_navigator.main' Prior to rollback: help_config = 'False' (bool/Defaults)
2025-08-31T09:08:29.861210+00:00 DEBUG 'ansible_navigator.main' Prior to rollback: help_doc = 'False' (bool/Defaults)
2025-08-31T09:08:29.861248+00:00 DEBUG 'ansible_navigator.main' Prior to rollback: help_inventory = 'False' (bool/Defaults)
2025-08-31T09:08:29.861287+00:00 DEBUG 'ansible_navigator.main' Prior to rollback: help_playbook = 'False' (bool/Defaults)
2025-08-31T09:08:29.861354+00:00 DEBUG 'ansible_navigator.main' Prior to rollback: images_details = '['everything']' (list/Defaults)
2025-08-31T09:08:29.861398+00:00 DEBUG 'ansible_navigator.main' Prior to rollback: inventory = '['/home/student/lab_inventory/hosts']' (list/Settings file)
2025-08-31T09:08:29.861438+00:00 DEBUG 'ansible_navigator.main' Prior to rollback: inventory_column = 'Not set' (Constants/Not set)
2025-08-31T09:08:29.861476+00:00 DEBUG 'ansible_navigator.main' Prior to rollback: lint_config = 'Not set' (Constants/Not set)
2025-08-31T09:08:29.861516+00:00 DEBUG 'ansible_navigator.main' Prior to rollback: lintables = 'Not set' (Constants/Not set)
2025-08-31T09:08:29.861556+00:00 DEBUG 'ansible_navigator.main' Prior to rollback: log_append = 'True' (bool/Defaults)
2025-08-31T09:08:29.861595+00:00 DEBUG 'ansible_navigator.main' Prior to rollback: log_file = '/home/student/demo/ansible-navigator.log' (str/Defaults)
2025-08-31T09:08:29.861634+00:00 DEBUG 'ansible_navigator.main' Prior to rollback: log_level = 'warning' (str/Defaults)
2025-08-31T09:08:29.861673+00:00 DEBUG 'ansible_navigator.main' Prior to rollback: mode = 'interactive' (str/Defaults)
2025-08-31T09:08:29.861712+00:00 DEBUG 'ansible_navigator.main' Prior to rollback: osc4 = 'True' (bool/Defaults)
2025-08-31T09:08:29.861751+00:00 DEBUG 'ansible_navigator.main' Prior to rollback: pass_environment_variable = 'Not set' (Constants/Not set)
2025-08-31T09:08:29.861790+00:00 DEBUG 'ansible_navigator.main' Prior to rollback: playbook = 'Not set' (Constants/Not set)
2025-08-31T09:08:29.861829+00:00 DEBUG 'ansible_navigator.main' Prior to rollback: playbook_artifact_enable = 'True' (bool/Defaults)
2025-08-31T09:08:29.861867+00:00 DEBUG 'ansible_navigator.main' Prior to rollback: playbook_artifact_replay = 'Not set' (Constants/Not set)
2025-08-31T09:08:29.861907+00:00 DEBUG 'ansible_navigator.main' Prior to rollback: playbook_artifact_save_as = '{playbook_dir}/{playbook_name}-artifact-{time_stamp}.json' (str/Defaults)
2025-08-31T09:08:29.861947+00:00 DEBUG 'ansible_navigator.main' Prior to rollback: plugin_name = 'Not set' (Constants/Not set)
2025-08-31T09:08:29.861987+00:00 DEBUG 'ansible_navigator.main' Prior to rollback: plugin_type = 'module' (str/Defaults)
2025-08-31T09:08:29.862026+00:00 DEBUG 'ansible_navigator.main' Prior to rollback: pull_arguments = 'Not set' (Constants/Not set)
2025-08-31T09:08:29.862065+00:00 DEBUG 'ansible_navigator.main' Prior to rollback: pull_policy = 'missing' (str/Settings file)
2025-08-31T09:08:29.862104+00:00 DEBUG 'ansible_navigator.main' Prior to rollback: set_environment_variable = 'Not set' (Constants/Not set)
2025-08-31T09:08:29.862150+00:00 DEBUG 'ansible_navigator.main' Prior to rollback: settings_effective = 'False' (bool/Defaults)
2025-08-31T09:08:29.862190+00:00 DEBUG 'ansible_navigator.main' Prior to rollback: settings_sample = 'False' (bool/Defaults)
2025-08-31T09:08:29.862231+00:00 DEBUG 'ansible_navigator.main' Prior to rollback: settings_schema = 'json' (str/Defaults)
2025-08-31T09:08:29.862270+00:00 DEBUG 'ansible_navigator.main' Prior to rollback: settings_sources = 'False' (bool/Defaults)
2025-08-31T09:08:29.862330+00:00 DEBUG 'ansible_navigator.main' Prior to rollback: time_zone = 'UTC' (str/Defaults)
2025-08-31T09:08:29.862397+00:00 DEBUG 'ansible_navigator.main' Prior to rollback: workdir = '/home/student/demo' (str/Defaults)
2025-08-31T09:08:29.862459+00:00 DEBUG 'ansible_navigator.main' After rollback: ansible_runner_artifact_dir = 'Not set' (Constants/Not set)
2025-08-31T09:08:29.862514+00:00 DEBUG 'ansible_navigator.main' After rollback: ansible_runner_rotate_artifacts_count = 'Not set' (Constants/Not set)
2025-08-31T09:08:29.862570+00:00 DEBUG 'ansible_navigator.main' After rollback: ansible_runner_timeout = 'Not set' (Constants/Not set)
2025-08-31T09:08:29.862626+00:00 DEBUG 'ansible_navigator.main' After rollback: ansible_runner_write_job_events = 'Not set' (Constants/Not set)
2025-08-31T09:08:29.862686+00:00 DEBUG 'ansible_navigator.main' After rollback: app = 'Not set' (Constants/Not set)
2025-08-31T09:08:29.862733+00:00 DEBUG 'ansible_navigator.main' After rollback: cmdline = 'Not set' (Constants/Not set)
2025-08-31T09:08:29.862774+00:00 DEBUG 'ansible_navigator.main' After rollback: collection_doc_cache_path = 'Not set' (Constants/Not set)
2025-08-31T09:08:29.862813+00:00 DEBUG 'ansible_navigator.main' After rollback: config = 'Not set' (Constants/Not set)
2025-08-31T09:08:29.862853+00:00 DEBUG 'ansible_navigator.main' After rollback: container_engine = 'Not set' (Constants/Not set)
2025-08-31T09:08:29.862892+00:00 DEBUG 'ansible_navigator.main' After rollback: container_options = 'Not set' (Constants/Not set)
2025-08-31T09:08:29.862932+00:00 DEBUG 'ansible_navigator.main' After rollback: display_color = 'Not set' (Constants/Not set)
2025-08-31T09:08:29.862971+00:00 DEBUG 'ansible_navigator.main' After rollback: editor_command = 'Not set' (Constants/Not set)
2025-08-31T09:08:29.863010+00:00 DEBUG 'ansible_navigator.main' After rollback: editor_console = 'Not set' (Constants/Not set)
2025-08-31T09:08:29.863051+00:00 DEBUG 'ansible_navigator.main' After rollback: enable_prompts = 'Not set' (Constants/Not set)
2025-08-31T09:08:29.863090+00:00 DEBUG 'ansible_navigator.main' After rollback: exec_command = 'Not set' (Constants/Not set)
2025-08-31T09:08:29.863129+00:00 DEBUG 'ansible_navigator.main' After rollback: exec_shell = 'Not set' (Constants/Not set)
2025-08-31T09:08:29.863169+00:00 DEBUG 'ansible_navigator.main' After rollback: execution_environment = 'Not set' (Constants/Not set)
2025-08-31T09:08:29.863209+00:00 DEBUG 'ansible_navigator.main' After rollback: execution_environment_image = 'Not set' (Constants/Not set)
2025-08-31T09:08:29.863249+00:00 DEBUG 'ansible_navigator.main' After rollback: execution_environment_volume_mounts = 'Not set' (Constants/Not set)
2025-08-31T09:08:29.863288+00:00 DEBUG 'ansible_navigator.main' After rollback: format = 'Not set' (Constants/Not set)
2025-08-31T09:08:29.863369+00:00 DEBUG 'ansible_navigator.main' After rollback: help_builder = 'Not set' (Constants/Not set)
2025-08-31T09:08:29.863417+00:00 DEBUG 'ansible_navigator.main' After rollback: help_config = 'Not set' (Constants/Not set)
2025-08-31T09:08:29.863457+00:00 DEBUG 'ansible_navigator.main' After rollback: help_doc = 'Not set' (Constants/Not set)
2025-08-31T09:08:29.863496+00:00 DEBUG 'ansible_navigator.main' After rollback: help_inventory = 'Not set' (Constants/Not set)
2025-08-31T09:08:29.863536+00:00 DEBUG 'ansible_navigator.main' After rollback: help_playbook = 'Not set' (Constants/Not set)
2025-08-31T09:08:29.863583+00:00 DEBUG 'ansible_navigator.main' After rollback: images_details = 'Not set' (Constants/Not set)
2025-08-31T09:08:29.863625+00:00 DEBUG 'ansible_navigator.main' After rollback: inventory = 'Not set' (Constants/Not set)
2025-08-31T09:08:29.863664+00:00 DEBUG 'ansible_navigator.main' After rollback: inventory_column = 'Not set' (Constants/Not set)
2025-08-31T09:08:29.863703+00:00 DEBUG 'ansible_navigator.main' After rollback: lint_config = 'Not set' (Constants/Not set)
2025-08-31T09:08:29.863743+00:00 DEBUG 'ansible_navigator.main' After rollback: lintables = 'Not set' (Constants/Not set)
2025-08-31T09:08:29.863782+00:00 DEBUG 'ansible_navigator.main' After rollback: log_append = 'Not set' (Constants/Not set)
2025-08-31T09:08:29.863821+00:00 DEBUG 'ansible_navigator.main' After rollback: log_file = 'Not set' (Constants/Not set)
2025-08-31T09:08:29.863861+00:00 DEBUG 'ansible_navigator.main' After rollback: log_level = 'Not set' (Constants/Not set)
2025-08-31T09:08:29.863900+00:00 DEBUG 'ansible_navigator.main' After rollback: mode = 'Not set' (Constants/Not set)
2025-08-31T09:08:29.863939+00:00 DEBUG 'ansible_navigator.main' After rollback: osc4 = 'Not set' (Constants/Not set)
2025-08-31T09:08:29.863978+00:00 DEBUG 'ansible_navigator.main' After rollback: pass_environment_variable = 'Not set' (Constants/Not set)
2025-08-31T09:08:29.864018+00:00 DEBUG 'ansible_navigator.main' After rollback: playbook = 'Not set' (Constants/Not set)
2025-08-31T09:08:29.864057+00:00 DEBUG 'ansible_navigator.main' After rollback: playbook_artifact_enable = 'Not set' (Constants/Not set)
2025-08-31T09:08:29.864096+00:00 DEBUG 'ansible_navigator.main' After rollback: playbook_artifact_replay = 'Not set' (Constants/Not set)
2025-08-31T09:08:29.864136+00:00 DEBUG 'ansible_navigator.main' After rollback: playbook_artifact_save_as = 'Not set' (Constants/Not set)
2025-08-31T09:08:29.864176+00:00 DEBUG 'ansible_navigator.main' After rollback: plugin_name = 'Not set' (Constants/Not set)
2025-08-31T09:08:29.864217+00:00 DEBUG 'ansible_navigator.main' After rollback: plugin_type = 'Not set' (Constants/Not set)
2025-08-31T09:08:29.864255+00:00 DEBUG 'ansible_navigator.main' After rollback: pull_arguments = 'Not set' (Constants/Not set)
2025-08-31T09:08:29.864295+00:00 DEBUG 'ansible_navigator.main' After rollback: pull_policy = 'Not set' (Constants/Not set)
2025-08-31T09:08:29.864374+00:00 DEBUG 'ansible_navigator.main' After rollback: set_environment_variable = 'Not set' (Constants/Not set)
2025-08-31T09:08:29.864418+00:00 DEBUG 'ansible_navigator.main' After rollback: settings_effective = 'Not set' (Constants/Not set)
2025-08-31T09:08:29.864460+00:00 DEBUG 'ansible_navigator.main' After rollback: settings_sample = 'Not set' (Constants/Not set)
2025-08-31T09:08:29.864499+00:00 DEBUG 'ansible_navigator.main' After rollback: settings_schema = 'Not set' (Constants/Not set)
2025-08-31T09:08:29.864540+00:00 DEBUG 'ansible_navigator.main' After rollback: settings_sources = 'Not set' (Constants/Not set)
2025-08-31T09:08:29.864580+00:00 DEBUG 'ansible_navigator.main' After rollback: time_zone = 'Not set' (Constants/Not set)
2025-08-31T09:08:29.864620+00:00 DEBUG 'ansible_navigator.main' After rollback: workdir = 'Not set' (Constants/Not set)
2025-08-31T09:08:29.864660+00:00 DEBUG 'ansible_navigator.main' Configuration rollback complete.
2025-08-31T09:08:29.864700+00:00 DEBUG 'ansible_navigator.main' Collection doc cache not mounted
2025-08-31T09:08:29.864751+00:00 WARNING 'ansible_navigator.main' Issues were found while applying the settings.
2025-08-31T09:08:29.864810+00:00 INFO 'ansible_navigator.main' Command provided: 'fetch.yaml'
2025-08-31T09:08:29.864866+00:00 ERROR 'ansible_navigator.main' argument {subcommand} --help: invalid choice: 'fetch.yaml' (choose from 'builder', 'collections', 'config', 'doc', 'exec', 'images', 'inventory', 'lint', 'replay', 'run', 'settings', 'welcome')
2025-08-31T09:08:29.864914+00:00 INFO 'ansible_navigator.main' Configuration failed, using default log file location. (/home/student/demo/ansible-navigator.log) Log level set to debug
2025-08-31T09:08:29.864973+00:00 INFO 'ansible_navigator.main' Review the hints and log file to see what went wrong.
2025-08-31T09:08:40.178566+00:00 CRITICAL 'ansible_navigator.actions.run_5480._handle_message' Unhandled message from runner queue, discarded: {'event': 'verbose', 'uuid': 'a116d909-c585-4cb2-9281-cc639b1fc240', 'counter': 5, 'stdout': '/usr/lib64/python3.9/site-packages/pylibsshext/_version.py:15: UserWarning: pkg_resources is deprecated as an API. See https://setuptools.pypa.io/en/latest/pkg_resources.html. The pkg_resources package is slated for removal as early as 2025-11-30. Refrain from using this package or pin to Setuptools<81.', 'start_line': 4, 'end_line': 5, 'runner_ident': 'fc8991f0-3b10-4368-bdc3-0a9db1331a75', 'created': '2025-08-31T09:08:40.158885+00:00'}
2025-08-31T09:08:40.179069+00:00 CRITICAL 'ansible_navigator.actions.run_5480._handle_message' Unhandled message from runner queue, discarded: {'event': 'verbose', 'uuid': 'df72d179-92f7-4347-a474-3b275e44b161', 'counter': 6, 'stdout': '  from pkg_resources import get_distribution as _get_dist  # noqa: WPS433', 'start_line': 5, 'end_line': 6, 'runner_ident': 'fc8991f0-3b10-4368-bdc3-0a9db1331a75', 'created': '2025-08-31T09:08:40.159044+00:00'}
2025-08-31T09:09:17.344593+00:00 CRITICAL 'ansible_navigator.actions.run_playbook._handle_message' Unhandled message from runner queue, discarded: {'event': 'verbose', 'uuid': '16f4eeb9-33d3-49e4-a3f6-08d1f66a086e', 'counter': 5, 'stdout': '/usr/lib64/python3.9/site-packages/pylibsshext/_version.py:15: UserWarning: pkg_resources is deprecated as an API. See https://setuptools.pypa.io/en/latest/pkg_resources.html. The pkg_resources package is slated for removal as early as 2025-11-30. Refrain from using this package or pin to Setuptools<81.', 'start_line': 4, 'end_line': 5, 'runner_ident': '26850528-e333-42fb-a69a-1d99f1e6d10b', 'created': '2025-08-31T09:09:17.341891+00:00'}
2025-08-31T09:09:17.345172+00:00 CRITICAL 'ansible_navigator.actions.run_playbook._handle_message' Unhandled message from runner queue, discarded: {'event': 'verbose', 'uuid': '9cc88151-7a1c-4baa-ad48-18014f6ae547', 'counter': 6, 'stdout': '  from pkg_resources import get_distribution as _get_dist  # noqa: WPS433', 'start_line': 5, 'end_line': 6, 'runner_ident': '26850528-e333-42fb-a69a-1d99f1e6d10b', 'created': '2025-08-31T09:09:17.342043+00:00'}
2025-08-31T09:10:04.736080+00:00 CRITICAL 'ansible_navigator.actions.run_playbook._handle_message' Unhandled message from runner queue, discarded: {'event': 'verbose', 'uuid': 'dae5665f-ba30-4f1b-b4c5-4301006ee953', 'counter': 5, 'stdout': '/usr/lib64/python3.9/site-packages/pylibsshext/_version.py:15: UserWarning: pkg_resources is deprecated as an API. See https://setuptools.pypa.io/en/latest/pkg_resources.html. The pkg_resources package is slated for removal as early as 2025-11-30. Refrain from using this package or pin to Setuptools<81.', 'start_line': 4, 'end_line': 5, 'runner_ident': '52a905ac-5d03-4d62-ad0f-ebe7b7461871', 'created': '2025-08-31T09:10:04.731336+00:00'}
2025-08-31T09:10:04.736735+00:00 CRITICAL 'ansible_navigator.actions.run_playbook._handle_message' Unhandled message from runner queue, discarded: {'event': 'verbose', 'uuid': 'f372b800-2e2e-4aac-bc80-1bcf664241e1', 'counter': 6, 'stdout': '  from pkg_resources import get_distribution as _get_dist  # noqa: WPS433', 'start_line': 5, 'end_line': 6, 'runner_ident': '52a905ac-5d03-4d62-ad0f-ebe7b7461871', 'created': '2025-08-31T09:10:04.731495+00:00'}
